<?xml version="1.0" encoding="UTF-8"?>
<!-- Generated by org.testng.reporters.JUnitReportReporter -->
<testsuite hostname="LAPTOP-K6EVNUCN" failures="0" tests="4" name="NonBddStyle.GetAllEmployees" time="1.386" errors="0" timestamp="2022-12-04T07:02:30 IST" skipped="3">
  <testcase classname="NonBddStyle.GetAllEmployees" name="deleteanEmployee" time="1.386"/>
  <system-out/>
  <testcase classname="NonBddStyle.GetAllEmployees" name="UpdateanEmployee">
    <skipped/>
  </testcase> <!-- UpdateanEmployee -->
  <system-out/>
  <testcase classname="NonBddStyle.GetAllEmployees" name="allEmployees">
    <skipped/>
  </testcase> <!-- allEmployees -->
  <system-out/>
  <testcase classname="NonBddStyle.GetAllEmployees" name="createanEmployee">
    <skipped/>
  </testcase> <!-- createanEmployee -->
  <system-out/>
</testsuite> <!-- NonBddStyle.GetAllEmployees -->
