<?xml version="1.0" encoding="UTF-8"?>
<!-- Generated by org.testng.reporters.JUnitReportReporter -->
<testsuite hostname="LAPTOP-K6EVNUCN" failures="0" tests="4" name="BDDstyle.GetJavaEmployees" time="1.445" errors="0" timestamp="2022-12-04T12:14:22 IST" skipped="3">
  <testcase classname="BDDstyle.GetJavaEmployees" name="createjavaemployeesfromjsonfile" time="1.445"/>
  <system-out/>
  <testcase classname="BDDstyle.GetJavaEmployees" name="updatejavaemployees">
    <skipped/>
  </testcase> <!-- updatejavaemployees -->
  <system-out/>
  <testcase classname="BDDstyle.GetJavaEmployees" name="createjavaemployees">
    <skipped/>
  </testcase> <!-- createjavaemployees -->
  <system-out/>
  <testcase classname="BDDstyle.GetJavaEmployees" name="getalljavaemployees">
    <skipped/>
  </testcase> <!-- getalljavaemployees -->
  <system-out/>
</testsuite> <!-- BDDstyle.GetJavaEmployees -->
